0 info it worked if it ends with ok
1 verbose cli [ '/home/ubuntu/.nvm/versions/node/v4.6.1/bin/node',
1 verbose cli   '/home/ubuntu/.nvm/versions/node/v4.6.1/bin/npm',
1 verbose cli   'install',
1 verbose cli   'package.json' ]
2 info using npm@2.15.9
3 info using node@v4.6.1
4 verbose install initial load of /home/ubuntu/workspace/package.json
5 verbose installManyTop reading scoped package data from /home/ubuntu/workspace/node_modules/express/package.json
6 verbose installManyTop reading scoped package data from /home/ubuntu/workspace/node_modules/mongodb/package.json
7 verbose installManyTop reading scoped package data from /home/ubuntu/workspace/node_modules/path/package.json
8 verbose installManyTop reading scoped package data from /home/ubuntu/workspace/node_modules/shortid/package.json
9 verbose installManyTop reading scoped package data from /home/ubuntu/workspace/node_modules/url/package.json
10 verbose installManyTop reading scoped package data from /home/ubuntu/workspace/node_modules/valid-url/package.json
11 info package.json valid-url@1.0.9 No license field.
12 info package.json path@0.12.7 path is also the name of a node core module.
13 info package.json url@0.11.0 url is also the name of a node core module.
14 verbose readDependencies loading dependencies from /home/ubuntu/workspace/package.json
15 silly cache add args [ 'package.json', null ]
16 verbose cache add spec package.json
17 silly cache add parsed spec Result {
17 silly cache add   raw: 'package.json',
17 silly cache add   scope: null,
17 silly cache add   name: null,
17 silly cache add   rawSpec: 'package.json',
17 silly cache add   spec: '/home/ubuntu/workspace/package.json',
17 silly cache add   type: 'local' }
18 silly addLocalTarball shasum (computed) df7669dfc1b5392a24d295b7a19c59cfd77d22ba
19 verbose addTmpTarball /home/ubuntu/workspace/package.json not in flight; adding
20 verbose correctMkdir /home/ubuntu/.npm correctMkdir not in flight; initializing
21 verbose addTmpTarball validating metadata from /home/ubuntu/workspace/package.json
22 verbose tar unpack /home/ubuntu/workspace/package.json
23 verbose tar unpacking to /tmp/npm-2673-7cf4eacf/unpack-b6ddca22b448
24 silly gentlyRm /tmp/npm-2673-7cf4eacf/unpack-b6ddca22b448 is being purged
25 verbose gentlyRm don't care about contents; nuking /tmp/npm-2673-7cf4eacf/unpack-b6ddca22b448
26 silly gunzTarPerm modes [ '755', '644' ]
27 error not a package /home/ubuntu/workspace/package.json
28 error addLocal Could not install /home/ubuntu/workspace/package.json
29 verbose stack Error: ENOENT: no such file or directory, open '/tmp/npm-2673-7cf4eacf/unpack-b6ddca22b448/package.json'
29 verbose stack     at Error (native)
30 verbose cwd /home/ubuntu/workspace
31 error Linux 4.2.0-c9
32 error argv "/home/ubuntu/.nvm/versions/node/v4.6.1/bin/node" "/home/ubuntu/.nvm/versions/node/v4.6.1/bin/npm" "install" "package.json"
33 error node v4.6.1
34 error npm  v2.15.9
35 error path /tmp/npm-2673-7cf4eacf/unpack-b6ddca22b448/package.json
36 error code ENOENT
37 error errno -2
38 error syscall open
39 error enoent ENOENT: no such file or directory, open '/tmp/npm-2673-7cf4eacf/unpack-b6ddca22b448/package.json'
39 error enoent This is most likely not a problem with npm itself
39 error enoent and is related to npm not being able to find a file.
40 verbose exit [ -2, true ]
